\BOOKMARK [0][-]{chapter.1}{Introduction}{}% 1
\BOOKMARK [1][-]{section.1.1}{Mass Spectrometry Imaging}{chapter.1}% 2
\BOOKMARK [1][-]{section.1.2}{OpenMSI: Science Gateway}{chapter.1}% 3
\BOOKMARK [1][-]{section.1.3}{OpenMSI: Software Infrastructure}{chapter.1}% 4
\BOOKMARK [0][-]{chapter.2}{Converting and Files and Making them Accessible}{}% 5
\BOOKMARK [1][-]{section.2.1}{Converting an MSI file at NERSC}{chapter.2}% 6
\BOOKMARK [1][-]{section.2.2}{Making a converted file accessible to OpenMSI \(Private\)}{chapter.2}% 7
\BOOKMARK [1][-]{section.2.3}{Changing file permissions:}{chapter.2}% 8
\BOOKMARK [1][-]{section.2.4}{convertToOMSI: Usage and Options}{chapter.2}% 9
\BOOKMARK [0][-]{chapter.3}{Integrating new file formats}{}% 10
\BOOKMARK [1][-]{section.3.1}{Developing a file reader}{chapter.3}% 11
\BOOKMARK [1][-]{section.3.2}{Integrating the file reader with OpenMSI}{chapter.3}% 12
\BOOKMARK [0][-]{chapter.4}{Developing a new Analysis for BASTet}{}% 13
\BOOKMARK [1][-]{section.4.1}{Overview:}{chapter.4}% 14
\BOOKMARK [2][-]{subsection.4.1.1}{Some important features of analysis\137base}{section.4.1}% 15
\BOOKMARK [3][-]{subsubsection*.3}{Slicing}{subsection.4.1.1}% 16
\BOOKMARK [3][-]{subsubsection*.4}{Important Member Variables}{subsection.4.1.1}% 17
\BOOKMARK [3][-]{subsubsection*.5}{I/O functions}{subsection.4.1.1}% 18
\BOOKMARK [3][-]{subsubsection*.6}{Web API Functions}{subsection.4.1.1}% 19
\BOOKMARK [3][-]{subsubsection*.7}{Executing, saving, and restoring an analysis object}{subsection.4.1.1}% 20
\BOOKMARK [1][-]{section.4.2}{Integrating a new Analysis using the OpenMSI Analysis Template}{chapter.4}% 21
\BOOKMARK [2][-]{subsection.4.2.1}{Step 1\) Basic integration}{section.4.2}% 22
\BOOKMARK [3][-]{subsubsection*.8}{1.1 Creating a new analysis skeleton}{subsection.4.2.1}% 23
\BOOKMARK [3][-]{subsubsection*.9}{1.2 Specifying analysis inputs and outputs}{subsection.4.2.1}% 24
\BOOKMARK [3][-]{subsubsection*.10}{1.3: Implementing the execute\137analysis function}{subsection.4.2.1}% 25
\BOOKMARK [2][-]{subsection.4.2.2}{Step 2\) Integrating the Analysis with the OpenMSI Web API:}{section.4.2}% 26
\BOOKMARK [3][-]{subsubsection*.11}{2.1 Implementing the qslice pattern}{subsection.4.2.2}% 27
\BOOKMARK [3][-]{subsubsection*.12}{2.2 Implementing the qspectrum pattern}{subsection.4.2.2}% 28
\BOOKMARK [3][-]{subsubsection*.13}{2.3 Implementing the qmz pattern}{subsection.4.2.2}% 29
\BOOKMARK [2][-]{subsection.4.2.3}{Step 3\) Making your analysis self-sufficient}{section.4.2}% 30
\BOOKMARK [1][-]{section.4.3}{Advanced: Customizing core features}{chapter.4}% 31
\BOOKMARK [2][-]{subsection.4.3.1}{Custom data save}{section.4.3}% 32
\BOOKMARK [2][-]{subsection.4.3.2}{Custom analysis restore}{section.4.3}% 33
\BOOKMARK [2][-]{subsection.4.3.3}{Custom analysis execution}{section.4.3}% 34
\BOOKMARK [3][-]{subsubsection*.14}{Customizing setting of parameters}{subsection.4.3.3}% 35
\BOOKMARK [3][-]{subsubsection*.15}{Customizing setting of default settings}{subsection.4.3.3}% 36
\BOOKMARK [3][-]{subsubsection*.16}{Customizing the recording of runtime information}{subsection.4.3.3}% 37
\BOOKMARK [3][-]{subsubsection*.17}{Customizing the analysis execution}{subsection.4.3.3}% 38
\BOOKMARK [3][-]{subsubsection*.18}{Customizing the recording of analysis outputs}{subsection.4.3.3}% 39
\BOOKMARK [1][-]{section.4.4}{Wrapping a function: The quick-and-dirty way}{chapter.4}% 40
\BOOKMARK [2][-]{subsection.4.4.1}{Option 1: Explicitly track specific excutions of a function}{section.4.4}% 41
\BOOKMARK [2][-]{subsection.4.4.2}{Option 2: Implicitly track the last execution of a function}{section.4.4}% 42
\BOOKMARK [2][-]{subsection.4.4.3}{Example 1: Defining and using wrapped functions}{section.4.4}% 43
\BOOKMARK [0][-]{chapter.5}{Defining and Executing Analysis Workflows}{}% 44
\BOOKMARK [1][-]{section.5.1}{Step 1: Create the analysis tasks:}{chapter.5}% 45
\BOOKMARK [1][-]{section.5.2}{Step 2: Define analysis inputs:}{chapter.5}% 46
\BOOKMARK [1][-]{section.5.3}{Step 3: Execute}{chapter.5}% 47
\BOOKMARK [2][-]{subsection.5.3.1}{Executing a single analysis}{section.5.3}% 48
\BOOKMARK [2][-]{subsection.5.3.2}{Executing a single sub-workflow}{section.5.3}% 49
\BOOKMARK [2][-]{subsection.5.3.3}{Executing all analyses}{section.5.3}% 50
\BOOKMARK [2][-]{subsection.5.3.4}{Executing multiple sub-workflows}{section.5.3}% 51
\BOOKMARK [1][-]{section.5.4}{Example: Normalizing an image}{chapter.5}% 52
\BOOKMARK [0][-]{chapter.6}{Workflow Tools}{}% 53
\BOOKMARK [1][-]{section.6.1}{Workflow Scripts}{chapter.6}% 54
\BOOKMARK [0][-]{chapter.7}{OMSI Data Format}{}% 55
\BOOKMARK [1][-]{section.7.1}{Data Layout}{chapter.7}% 56
\BOOKMARK [1][-]{section.7.2}{Accessing OMSI data files}{chapter.7}% 57
\BOOKMARK [1][-]{section.7.3}{Convert Mass Spectrometry Imaging Data to OMSI \(HDF5\) format}{chapter.7}% 58
\BOOKMARK [0][-]{chapter.8}{HDF5 I/O Performance}{}% 59
\BOOKMARK [1][-]{section.8.1}{Test Platforms}{chapter.8}% 60
\BOOKMARK [2][-]{subsection.8.1.1}{hopper.nersc.gov}{section.8.1}% 61
\BOOKMARK [2][-]{subsection.8.1.2}{portal-auth.nersc.gov}{section.8.1}% 62
\BOOKMARK [1][-]{section.8.2}{Test Cases}{chapter.8}% 63
\BOOKMARK [2][-]{subsection.8.2.1}{Case 1: m/z Slice Selection}{section.8.2}% 64
\BOOKMARK [2][-]{subsection.8.2.2}{Case 2: Spectra Selection}{section.8.2}% 65
\BOOKMARK [2][-]{subsection.8.2.3}{Case 3: 3D Subcube Selection}{section.8.2}% 66
\BOOKMARK [2][-]{subsection.8.2.4}{Case 4: Data Write}{section.8.2}% 67
\BOOKMARK [2][-]{subsection.8.2.5}{Case 5: File Size}{section.8.2}% 68
\BOOKMARK [2][-]{subsection.8.2.6}{Test Data}{section.8.2}% 69
\BOOKMARK [1][-]{section.8.3}{Dataset Layout}{chapter.8}% 70
\BOOKMARK [2][-]{subsection.8.3.1}{Baseline Performance}{section.8.3}% 71
\BOOKMARK [1][-]{section.8.4}{Chunking: Part 1}{chapter.8}% 72
\BOOKMARK [2][-]{subsection.8.4.1}{File Size}{section.8.4}% 73
\BOOKMARK [2][-]{subsection.8.4.2}{Data Write}{section.8.4}% 74
\BOOKMARK [2][-]{subsection.8.4.3}{Selection Performance}{section.8.4}% 75
\BOOKMARK [2][-]{subsection.8.4.4}{Summary}{section.8.4}% 76
\BOOKMARK [1][-]{section.8.5}{Chunking: Part 2}{chapter.8}% 77
\BOOKMARK [2][-]{subsection.8.5.1}{Image-aligned Chunking}{section.8.5}% 78
\BOOKMARK [1][-]{section.8.6}{Compression}{chapter.8}% 79
\BOOKMARK [2][-]{subsection.8.6.1}{Compression Ratio}{section.8.6}% 80
\BOOKMARK [2][-]{subsection.8.6.2}{Data Write}{section.8.6}% 81
\BOOKMARK [2][-]{subsection.8.6.3}{Selection Performance}{section.8.6}% 82
\BOOKMARK [2][-]{subsection.8.6.4}{Aggression Parameter Study}{section.8.6}% 83
\BOOKMARK [1][-]{section.8.7}{Local Scalability: Multi-processing}{chapter.8}% 84
\BOOKMARK [1][-]{section.8.8}{Discussion}{chapter.8}% 85
\BOOKMARK [2][-]{subsection.8.8.1}{Data Layout}{section.8.8}% 86
\BOOKMARK [2][-]{subsection.8.8.2}{System Performance}{section.8.8}% 87
\BOOKMARK [2][-]{subsection.8.8.3}{Future Work}{section.8.8}% 88
\BOOKMARK [0][-]{chapter.9}{omsi Package}{}% 89
\BOOKMARK [1][-]{section.9.1}{Subpackages}{chapter.9}% 90
\BOOKMARK [2][-]{subsection.9.1.1}{analysis Package}{section.9.1}% 91
\BOOKMARK [3][-]{subsubsection*.19}{analysis Package}{subsection.9.1.1}% 92
\BOOKMARK [3][-]{subsubsection*.133}{base Module}{subsection.9.1.1}% 93
\BOOKMARK [3][-]{subsubsection*.189}{generic Module}{subsection.9.1.1}% 94
\BOOKMARK [3][-]{subsubsection*.205}{analysis\137views Module}{subsection.9.1.1}% 95
\BOOKMARK [3][-]{subsubsection*.217}{Subpackages}{subsection.9.1.1}% 96
\BOOKMARK [4][-]{paragraph*.218}{findpeaks Package}{subsubsection*.217}% 97
\BOOKMARK [4][-]{paragraph*.253}{findpeaks.third\137party Package}{subsubsection*.217}% 98
\BOOKMARK [4][-]{paragraph*.263}{findpeaks.experimental Package}{subsubsection*.217}% 99
\BOOKMARK [4][-]{paragraph*.331}{multivariate\137stats Package}{subsubsection*.217}% 100
\BOOKMARK [4][-]{paragraph*.360}{multivariate\137stats.third\137party Package}{subsubsection*.217}% 101
\BOOKMARK [4][-]{paragraph*.366}{multivariate\137stats.experimental Package}{subsubsection*.217}% 102
\BOOKMARK [4][-]{paragraph*.369}{msi\137filtering Package}{subsubsection*.217}% 103
\BOOKMARK [4][-]{paragraph*.389}{msi\137filtering.third\137party Package}{subsubsection*.217}% 104
\BOOKMARK [4][-]{paragraph*.392}{msi\137filtering.experimental Package}{subsubsection*.217}% 105
\BOOKMARK [4][-]{paragraph*.411}{compound\137stats Package}{subsubsection*.217}% 106
\BOOKMARK [4][-]{paragraph*.420}{compound\137stats.third\137party Package}{subsubsection*.217}% 107
\BOOKMARK [4][-]{paragraph*.423}{compound\137stats.experimental Package}{subsubsection*.217}% 108
\BOOKMARK [2][-]{subsection.9.1.2}{dataformat Package}{section.9.1}% 109
\BOOKMARK [3][-]{subsubsection*.426}{OMSI Dataformat Package}{subsection.9.1.2}% 110
\BOOKMARK [4][-]{paragraph*.427}{omsi\137file Package}{subsubsection*.426}% 111
\BOOKMARK [4][-]{paragraph*.428}{format Module}{subsubsection*.426}% 112
\BOOKMARK [4][-]{paragraph*.493}{common Module}{subsubsection*.426}% 113
\BOOKMARK [4][-]{paragraph*.507}{main\137file Module}{subsubsection*.426}% 114
\BOOKMARK [4][-]{paragraph*.515}{experiment Module}{subsubsection*.426}% 115
\BOOKMARK [4][-]{paragraph*.528}{metadata\137collection Module}{subsubsection*.426}% 116
\BOOKMARK [4][-]{paragraph*.540}{instrument Module}{subsubsection*.426}% 117
\BOOKMARK [4][-]{paragraph*.550}{methods Module}{subsubsection*.426}% 118
\BOOKMARK [4][-]{paragraph*.559}{msidata Module}{subsubsection*.426}% 119
\BOOKMARK [4][-]{paragraph*.574}{analysis Module}{subsubsection*.426}% 120
\BOOKMARK [4][-]{paragraph*.593}{dependencies Module}{subsubsection*.426}% 121
\BOOKMARK [3][-]{subsubsection*.620}{file\137reader\137base Module}{subsection.9.1.2}% 122
\BOOKMARK [3][-]{subsubsection*.646}{img\137file Module}{subsection.9.1.2}% 123
\BOOKMARK [3][-]{subsubsection*.653}{mzml\137file Module}{subsection.9.1.2}% 124
\BOOKMARK [3][-]{subsubsection*.654}{bruckerflex\137file Module}{subsection.9.1.2}% 125
\BOOKMARK [2][-]{subsection.9.1.3}{datastructures Package}{section.9.1}% 126
\BOOKMARK [3][-]{subsubsection*.665}{datastructures Package}{subsection.9.1.3}% 127
\BOOKMARK [3][-]{subsubsection*.667}{analysis\137data Module}{subsection.9.1.3}% 128
\BOOKMARK [3][-]{subsubsection*.697}{dependency\137data Module}{subsection.9.1.3}% 129
\BOOKMARK [3][-]{subsubsection*.702}{run\137info\137data Module}{subsection.9.1.3}% 130
\BOOKMARK [3][-]{subsubsection*.717}{Subpackages}{subsection.9.1.3}% 131
\BOOKMARK [4][-]{paragraph*.718}{metadata Package}{subsubsection*.717}% 132
\BOOKMARK [2][-]{subsection.9.1.4}{shared Package}{section.9.1}% 133
\BOOKMARK [3][-]{subsubsection*.729}{data\137selection Module}{subsection.9.1.4}% 134
\BOOKMARK [3][-]{subsubsection*.750}{omsi\137web\137helper Module}{subsection.9.1.4}% 135
\BOOKMARK [3][-]{subsubsection*.763}{spectrum\137layout Module}{subsection.9.1.4}% 136
\BOOKMARK [3][-]{subsubsection*.768}{log Module}{subsection.9.1.4}% 137
\BOOKMARK [3][-]{subsubsection*.785}{mpi\137helper Module}{subsection.9.1.4}% 138
\BOOKMARK [2][-]{subsection.9.1.5}{workflow Package}{section.9.1}% 139
\BOOKMARK [3][-]{subsubsection*.801}{workflow Package}{subsection.9.1.5}% 140
\BOOKMARK [3][-]{subsubsection*.803}{common Module}{subsection.9.1.5}% 141
\BOOKMARK [3][-]{subsubsection*.827}{Subpackages}{subsection.9.1.5}% 142
\BOOKMARK [4][-]{paragraph*.828}{driver Package}{subsubsection*.827}% 143
\BOOKMARK [4][-]{paragraph*.870}{executor Package}{subsubsection*.827}% 144
\BOOKMARK [2][-]{subsection.9.1.6}{tools Package}{section.9.1}% 145
\BOOKMARK [3][-]{subsubsection*.892}{convertToOMSI Module}{subsection.9.1.6}% 146
\BOOKMARK [3][-]{subsubsection*.941}{run\137analysis Module}{subsection.9.1.6}% 147
\BOOKMARK [3][-]{subsubsection*.942}{run\137workflow Module}{subsection.9.1.6}% 148
\BOOKMARK [3][-]{subsubsection*.943}{Subpackages}{subsection.9.1.6}% 149
\BOOKMARK [4][-]{paragraph*.944}{tools.experimental Package}{subsubsection*.943}% 150
\BOOKMARK [4][-]{paragraph*.947}{tools.misc Package}{subsubsection*.943}% 151
\BOOKMARK [2][-]{subsection.9.1.7}{examples Package}{section.9.1}% 152
\BOOKMARK [3][-]{subsubsection*.955}{simple\137viewer Module}{subsection.9.1.7}% 153
\BOOKMARK [3][-]{subsubsection*.958}{testHDF5Optimization Module}{subsection.9.1.7}% 154
\BOOKMARK [3][-]{subsubsection*.962}{testHDF5Optimization\137alignedWrite Module}{subsection.9.1.7}% 155
\BOOKMARK [3][-]{subsubsection*.966}{test\137multiprocess\137slice Module}{subsection.9.1.7}% 156
\BOOKMARK [3][-]{subsubsection*.973}{test\137par Module}{subsection.9.1.7}% 157
\BOOKMARK [3][-]{subsubsection*.980}{test\137peakcube Module}{subsection.9.1.7}% 158
\BOOKMARK [3][-]{subsubsection*.983}{testhdf5\137file\137read Module}{subsection.9.1.7}% 159
\BOOKMARK [2][-]{subsection.9.1.8}{templates Package}{section.9.1}% 160
\BOOKMARK [3][-]{subsubsection*.986}{templates Package}{subsection.9.1.8}% 161
\BOOKMARK [3][-]{subsubsection*.988}{analysis\137template Module}{subsection.9.1.8}% 162
